Creating 'gpsd-3.25.1~dev/include/gpsd_config.h'
gcc -o gpsd-3.25.1~dev/gpsd/crc24q.os -c -pthread -Wall -Wextra -fexcess-precision=standard -Wcast-align -Wcast-qual -Wimplicit-fallthrough -Wmissing-declarations -Wmissing-prototypes -Wno-missing-field-initializers -Wno-uninitialized -Wpointer-arith -Wreturn-type -Wstrict-prototypes -Wundef -Wvla -O2 -pthread -fPIC gpsd-3.25.1~dev/gpsd/crc24q.c
gcc -o gpsd-3.25.1~dev/drivers/driver_greis_checksum.os -c -pthread -Wall -Wextra -fexcess-precision=standard -Wcast-align -Wcast-qual -Wimplicit-fallthrough -Wmissing-declarations -Wmissing-prototypes -Wno-missing-field-initializers -Wno-uninitialized -Wpointer-arith -Wreturn-type -Wstrict-prototypes -Wundef -Wvla -O2 -pthread -fPIC gpsd-3.25.1~dev/drivers/driver_greis_checksum.c
gcc -o gpsd-3.25.1~dev/drivers/driver_rtcm2.os -c -pthread -Wall -Wextra -fexcess-precision=standard -Wcast-align -Wcast-qual -Wimplicit-fallthrough -Wmissing-declarations -Wmissing-prototypes -Wno-missing-field-initializers -Wno-uninitialized -Wpointer-arith -Wreturn-type -Wstrict-prototypes -Wundef -Wvla -O2 -pthread -fPIC gpsd-3.25.1~dev/drivers/driver_rtcm2.c
gcc -o gpsd-3.25.1~dev/libgps/gpspacket.os -c -pthread -Wall -Wextra -fexcess-precision=standard -Wcast-align -Wcast-qual -Wimplicit-fallthrough -Wmissing-declarations -Wmissing-prototypes -Wno-missing-field-initializers -Wno-uninitialized -Wpointer-arith -Wreturn-type -Wstrict-prototypes -Wundef -Wvla -O2 -pthread -fPIC gpsd-3.25.1~dev/libgps/gpspacket.c
gcc -o gpsd-3.25.1~dev/gpsd/isgps.os -c -pthread -Wall -Wextra -fexcess-precision=standard -Wcast-align -Wcast-qual -Wimplicit-fallthrough -Wmissing-declarations -Wmissing-prototypes -Wno-missing-field-initializers -Wno-uninitialized -Wpointer-arith -Wreturn-type -Wstrict-prototypes -Wundef -Wvla -O2 -pthread -fPIC gpsd-3.25.1~dev/gpsd/isgps.c
gcc -o gpsd-3.25.1~dev/libgps/hex.os -c -pthread -Wall -Wextra -fexcess-precision=standard -Wcast-align -Wcast-qual -Wimplicit-fallthrough -Wmissing-declarations -Wmissing-prototypes -Wno-missing-field-initializers -Wno-uninitialized -Wpointer-arith -Wreturn-type -Wstrict-prototypes -Wundef -Wvla -O2 -pthread -fPIC gpsd-3.25.1~dev/libgps/hex.c
gcc -o gpsd-3.25.1~dev/libgps/os_compat.os -c -pthread -Wall -Wextra -fexcess-precision=standard -Wcast-align -Wcast-qual -Wimplicit-fallthrough -Wmissing-declarations -Wmissing-prototypes -Wno-missing-field-initializers -Wno-uninitialized -Wpointer-arith -Wreturn-type -Wstrict-prototypes -Wundef -Wvla -O2 -pthread -fPIC gpsd-3.25.1~dev/libgps/os_compat.c
rm -f gpsd-3.25.1~dev/include/packet_names.h && sed -e '/^ *\([A-Z][A-Z0-9_]*\),/s// "\1",/' < gpsd-3.25.1~dev/include/packet_states.h > gpsd-3.25.1~dev/include/packet_names.h && chmod a-w gpsd-3.25.1~dev/include/packet_names.h
gcc -o gpsd-3.25.1~dev/gpsd/packet.os -c -pthread -Wall -Wextra -fexcess-precision=standard -Wcast-align -Wcast-qual -Wimplicit-fallthrough -Wmissing-declarations -Wmissing-prototypes -Wno-missing-field-initializers -Wno-uninitialized -Wpointer-arith -Wreturn-type -Wstrict-prototypes -Wundef -Wvla -O2 -pthread -fPIC gpsd-3.25.1~dev/gpsd/packet.c
gcc -o gpsd-3.25.1~dev/libgpsdpacket.so.30.0.0 -pthread -shared -Wl,-soname=libgpsdpacket.so.30 gpsd-3.25.1~dev/gpsd/crc24q.os gpsd-3.25.1~dev/drivers/driver_greis_checksum.os gpsd-3.25.1~dev/drivers/driver_rtcm2.os gpsd-3.25.1~dev/libgps/gpspacket.os gpsd-3.25.1~dev/gpsd/isgps.os gpsd-3.25.1~dev/libgps/hex.os gpsd-3.25.1~dev/libgps/os_compat.os gpsd-3.25.1~dev/gpsd/packet.os -Lgpsd-3.25.1~dev -lrt -lm -lrt
Create symlinks for: 'gpsd-3.25.1~dev/libgpsdpacket.so.30.0.0': 'gpsd-3.25.1~dev/libgpsdpacket.so.30'->'gpsd-3.25.1~dev/libgpsdpacket.so.30.0.0', 'gpsd-3.25.1~dev/libgpsdpacket.so'->'gpsd-3.25.1~dev/libgpsdpacket.so.30.0.0'
Creating 'gpsd-3.25.1~dev/gps/packet.py'
chmod -w gpsd-3.25.1~dev/gps/packet.py
chmod +x gpsd-3.25.1~dev/gps/packet.py
Creating 'gpsd-3.25.1~dev/clients/gpscat'
chmod -w gpsd-3.25.1~dev/clients/gpscat
chmod +x gpsd-3.25.1~dev/clients/gpscat
Creating 'gpsd-3.25.1~dev/clients/gpscsv'
chmod -w gpsd-3.25.1~dev/clients/gpscsv
chmod +x gpsd-3.25.1~dev/clients/gpscsv
Creating 'gpsd-3.25.1~dev/clients/gpsd.php'
chmod -w gpsd-3.25.1~dev/clients/gpsd.php
Creating 'gpsd-3.25.1~dev/clients/gpsplot'
chmod -w gpsd-3.25.1~dev/clients/gpsplot
chmod +x gpsd-3.25.1~dev/clients/gpsplot
Creating 'gpsd-3.25.1~dev/clients/gpsprof'
chmod -w gpsd-3.25.1~dev/clients/gpsprof
chmod +x gpsd-3.25.1~dev/clients/gpsprof
Creating 'gpsd-3.25.1~dev/clients/gpssubframe'
chmod -w gpsd-3.25.1~dev/clients/gpssubframe
chmod +x gpsd-3.25.1~dev/clients/gpssubframe
Creating 'gpsd-3.25.1~dev/clients/ubxtool'
chmod -w gpsd-3.25.1~dev/clients/ubxtool
chmod +x gpsd-3.25.1~dev/clients/ubxtool
Creating 'gpsd-3.25.1~dev/clients/xgps'
chmod -w gpsd-3.25.1~dev/clients/xgps
chmod +x gpsd-3.25.1~dev/clients/xgps
Creating 'gpsd-3.25.1~dev/clients/xgpsspeed'
chmod -w gpsd-3.25.1~dev/clients/xgpsspeed
chmod +x gpsd-3.25.1~dev/clients/xgpsspeed
Creating 'gpsd-3.25.1~dev/clients/zerk'
chmod -w gpsd-3.25.1~dev/clients/zerk
chmod +x gpsd-3.25.1~dev/clients/zerk
Creating 'gpsd-3.25.1~dev/contrib/ntpshmviz'
chmod -w gpsd-3.25.1~dev/contrib/ntpshmviz
chmod +x gpsd-3.25.1~dev/contrib/ntpshmviz
Creating 'gpsd-3.25.1~dev/contrib/skyview2svg.py'
chmod -w gpsd-3.25.1~dev/contrib/skyview2svg.py
chmod +x gpsd-3.25.1~dev/contrib/skyview2svg.py
Creating 'gpsd-3.25.1~dev/contrib/webgps'
chmod -w gpsd-3.25.1~dev/contrib/webgps
chmod +x gpsd-3.25.1~dev/contrib/webgps
Creating 'gpsd-3.25.1~dev/control'
chmod -w gpsd-3.25.1~dev/control
Creating 'gpsd-3.25.1~dev/gpsd.rules'
chmod -w gpsd-3.25.1~dev/gpsd.rules
Creating 'gpsd-3.25.1~dev/gpsfake'
chmod -w gpsd-3.25.1~dev/gpsfake
chmod +x gpsd-3.25.1~dev/gpsfake
Creating 'gpsd-3.25.1~dev/libgps.pc'
chmod -w gpsd-3.25.1~dev/libgps.pc
Creating 'gpsd-3.25.1~dev/libQgpsmm.prl'
chmod -w gpsd-3.25.1~dev/libQgpsmm.prl
Creating 'gpsd-3.25.1~dev/packaging/deb/etc_default_gpsd'
chmod -w gpsd-3.25.1~dev/packaging/deb/etc_default_gpsd
Creating 'gpsd-3.25.1~dev/packaging/deb/etc_init.d_gpsd'
chmod -w gpsd-3.25.1~dev/packaging/deb/etc_init.d_gpsd
Creating 'gpsd-3.25.1~dev/packaging/gpsd-setup.py'
chmod -w gpsd-3.25.1~dev/packaging/gpsd-setup.py
chmod +x gpsd-3.25.1~dev/packaging/gpsd-setup.py
Creating 'gpsd-3.25.1~dev/packaging/rpm/gpsd.init'
chmod -w gpsd-3.25.1~dev/packaging/rpm/gpsd.init
Creating 'gpsd-3.25.1~dev/packaging/rpm/gpsd.spec'
chmod -w gpsd-3.25.1~dev/packaging/rpm/gpsd.spec
Creating 'gpsd-3.25.1~dev/packaging/X11/xgps.desktop'
chmod -w gpsd-3.25.1~dev/packaging/X11/xgps.desktop
Creating 'gpsd-3.25.1~dev/packaging/X11/xgpsspeed.desktop'
chmod -w gpsd-3.25.1~dev/packaging/X11/xgpsspeed.desktop
Creating 'gpsd-3.25.1~dev/Qgpsmm.pc'
chmod -w gpsd-3.25.1~dev/Qgpsmm.pc
Creating 'gpsd-3.25.1~dev/systemd/gpsdctl@.service'
chmod -w gpsd-3.25.1~dev/systemd/gpsdctl@.service
Creating 'gpsd-3.25.1~dev/systemd/gpsd.service'
chmod -w gpsd-3.25.1~dev/systemd/gpsd.service
Creating 'gpsd-3.25.1~dev/systemd/gpsd.socket'
chmod -w gpsd-3.25.1~dev/systemd/gpsd.socket
gcc -o gpsd-3.25.1~dev/clients/gps2udp.o -c -pthread -Wall -Wextra -fexcess-precision=standard -Wcast-align -Wcast-qual -Wimplicit-fallthrough -Wmissing-declarations -Wmissing-prototypes -Wno-missing-field-initializers -Wno-uninitialized -Wpointer-arith -Wreturn-type -Wstrict-prototypes -Wundef -Wvla -O2 -pthread gpsd-3.25.1~dev/clients/gps2udp.c
rm -f gpsd-3.25.1~dev/libgps/ais_json.i && /usr/bin/python3 gpsd-3.25.1~dev/libgps/jsongen.py --ais --target=parser > gpsd-3.25.1~dev/libgps/ais_json.i && chmod a-w gpsd-3.25.1~dev/libgps/ais_json.i
gcc -o gpsd-3.25.1~dev/libgps/ais_json.o -c -pthread -Wall -Wextra -fexcess-precision=standard -Wcast-align -Wcast-qual -Wimplicit-fallthrough -Wmissing-declarations -Wmissing-prototypes -Wno-missing-field-initializers -Wno-uninitialized -Wpointer-arith -Wreturn-type -Wstrict-prototypes -Wundef -Wvla -O2 -pthread gpsd-3.25.1~dev/libgps/ais_json.c
gcc -o gpsd-3.25.1~dev/libgps/bits.o -c -pthread -Wall -Wextra -fexcess-precision=standard -Wcast-align -Wcast-qual -Wimplicit-fallthrough -Wmissing-declarations -Wmissing-prototypes -Wno-missing-field-initializers -Wno-uninitialized -Wpointer-arith -Wreturn-type -Wstrict-prototypes -Wundef -Wvla -O2 -pthread gpsd-3.25.1~dev/libgps/bits.c
gcc -o gpsd-3.25.1~dev/libgps/gpsdclient.o -c -pthread -Wall -Wextra -fexcess-precision=standard -Wcast-align -Wcast-qual -Wimplicit-fallthrough -Wmissing-declarations -Wmissing-prototypes -Wno-missing-field-initializers -Wno-uninitialized -Wpointer-arith -Wreturn-type -Wstrict-prototypes -Wundef -Wvla -O2 -pthread gpsd-3.25.1~dev/libgps/gpsdclient.c
rm -f gpsd-3.25.1~dev/libgps/gps_maskdump.c && /usr/bin/python3 gpsd-3.25.1~dev/maskaudit.py -c "/opt/GNSS/gpsd/gpsd-3.25.1~dev" > gpsd-3.25.1~dev/libgps/gps_maskdump.c && chmod a-w gpsd-3.25.1~dev/libgps/gps_maskdump.c
gcc -o gpsd-3.25.1~dev/libgps/gps_maskdump.o -c -pthread -Wall -Wextra -fexcess-precision=standard -Wcast-align -Wcast-qual -Wimplicit-fallthrough -Wmissing-declarations -Wmissing-prototypes -Wno-missing-field-initializers -Wno-uninitialized -Wpointer-arith -Wreturn-type -Wstrict-prototypes -Wundef -Wvla -O2 -pthread gpsd-3.25.1~dev/libgps/gps_maskdump.c
gcc -o gpsd-3.25.1~dev/libgps/gpsutils.o -c -pthread -Wall -Wextra -fexcess-precision=standard -Wcast-align -Wcast-qual -Wimplicit-fallthrough -Wmissing-declarations -Wmissing-prototypes -Wno-missing-field-initializers -Wno-uninitialized -Wpointer-arith -Wreturn-type -Wstrict-prototypes -Wundef -Wvla -O2 -pthread gpsd-3.25.1~dev/libgps/gpsutils.c
gcc -o gpsd-3.25.1~dev/libgps/hex.o -c -pthread -Wall -Wextra -fexcess-precision=standard -Wcast-align -Wcast-qual -Wimplicit-fallthrough -Wmissing-declarations -Wmissing-prototypes -Wno-missing-field-initializers -Wno-uninitialized -Wpointer-arith -Wreturn-type -Wstrict-prototypes -Wundef -Wvla -O2 -pthread gpsd-3.25.1~dev/libgps/hex.c
gcc -o gpsd-3.25.1~dev/libgps/json.o -c -pthread -Wall -Wextra -fexcess-precision=standard -Wcast-align -Wcast-qual -Wimplicit-fallthrough -Wmissing-declarations -Wmissing-prototypes -Wno-missing-field-initializers -Wno-uninitialized -Wpointer-arith -Wreturn-type -Wstrict-prototypes -Wundef -Wvla -O2 -pthread gpsd-3.25.1~dev/libgps/json.c
gcc -o gpsd-3.25.1~dev/libgps/libgps_core.o -c -pthread -Wall -Wextra -fexcess-precision=standard -Wcast-align -Wcast-qual -Wimplicit-fallthrough -Wmissing-declarations -Wmissing-prototypes -Wno-missing-field-initializers -Wno-uninitialized -Wpointer-arith -Wreturn-type -Wstrict-prototypes -Wundef -Wvla -O2 -pthread gpsd-3.25.1~dev/libgps/libgps_core.c
gcc -o gpsd-3.25.1~dev/libgps/libgps_dbus.o -c -pthread -Wall -Wextra -fexcess-precision=standard -Wcast-align -Wcast-qual -Wimplicit-fallthrough -Wmissing-declarations -Wmissing-prototypes -Wno-missing-field-initializers -Wno-uninitialized -Wpointer-arith -Wreturn-type -Wstrict-prototypes -Wundef -Wvla -O2 -pthread gpsd-3.25.1~dev/libgps/libgps_dbus.c
gcc -o gpsd-3.25.1~dev/libgps/libgps_json.o -c -pthread -Wall -Wextra -fexcess-precision=standard -Wcast-align -Wcast-qual -Wimplicit-fallthrough -Wmissing-declarations -Wmissing-prototypes -Wno-missing-field-initializers -Wno-uninitialized -Wpointer-arith -Wreturn-type -Wstrict-prototypes -Wundef -Wvla -O2 -pthread gpsd-3.25.1~dev/libgps/libgps_json.c
gcc -o gpsd-3.25.1~dev/libgps/libgps_shm.o -c -pthread -Wall -Wextra -fexcess-precision=standard -Wcast-align -Wcast-qual -Wimplicit-fallthrough -Wmissing-declarations -Wmissing-prototypes -Wno-missing-field-initializers -Wno-uninitialized -Wpointer-arith -Wreturn-type -Wstrict-prototypes -Wundef -Wvla -O2 -pthread gpsd-3.25.1~dev/libgps/libgps_shm.c
gcc -o gpsd-3.25.1~dev/libgps/libgps_sock.o -c -pthread -Wall -Wextra -fexcess-precision=standard -Wcast-align -Wcast-qual -Wimplicit-fallthrough -Wmissing-declarations -Wmissing-prototypes -Wno-missing-field-initializers -Wno-uninitialized -Wpointer-arith -Wreturn-type -Wstrict-prototypes -Wundef -Wvla -O2 -pthread gpsd-3.25.1~dev/libgps/libgps_sock.c
gcc -o gpsd-3.25.1~dev/libgps/netlib.o -c -pthread -Wall -Wextra -fexcess-precision=standard -Wcast-align -Wcast-qual -Wimplicit-fallthrough -Wmissing-declarations -Wmissing-prototypes -Wno-missing-field-initializers -Wno-uninitialized -Wpointer-arith -Wreturn-type -Wstrict-prototypes -Wundef -Wvla -O2 -pthread gpsd-3.25.1~dev/libgps/netlib.c
gcc -o gpsd-3.25.1~dev/libgps/ntpshmread.o -c -pthread -Wall -Wextra -fexcess-precision=standard -Wcast-align -Wcast-qual -Wimplicit-fallthrough -Wmissing-declarations -Wmissing-prototypes -Wno-missing-field-initializers -Wno-uninitialized -Wpointer-arith -Wreturn-type -Wstrict-prototypes -Wundef -Wvla -O2 -pthread gpsd-3.25.1~dev/libgps/ntpshmread.c
gcc -o gpsd-3.25.1~dev/libgps/os_compat.o -c -pthread -Wall -Wextra -fexcess-precision=standard -Wcast-align -Wcast-qual -Wimplicit-fallthrough -Wmissing-declarations -Wmissing-prototypes -Wno-missing-field-initializers -Wno-uninitialized -Wpointer-arith -Wreturn-type -Wstrict-prototypes -Wundef -Wvla -O2 -pthread gpsd-3.25.1~dev/libgps/os_compat.c
gcc -o gpsd-3.25.1~dev/libgps/rtcm2_json.o -c -pthread -Wall -Wextra -fexcess-precision=standard -Wcast-align -Wcast-qual -Wimplicit-fallthrough -Wmissing-declarations -Wmissing-prototypes -Wno-missing-field-initializers -Wno-uninitialized -Wpointer-arith -Wreturn-type -Wstrict-prototypes -Wundef -Wvla -O2 -pthread gpsd-3.25.1~dev/libgps/rtcm2_json.c
gcc -o gpsd-3.25.1~dev/libgps/rtcm3_json.o -c -pthread -Wall -Wextra -fexcess-precision=standard -Wcast-align -Wcast-qual -Wimplicit-fallthrough -Wmissing-declarations -Wmissing-prototypes -Wno-missing-field-initializers -Wno-uninitialized -Wpointer-arith -Wreturn-type -Wstrict-prototypes -Wundef -Wvla -O2 -pthread gpsd-3.25.1~dev/libgps/rtcm3_json.c
gcc -o gpsd-3.25.1~dev/libgps/shared_json.o -c -pthread -Wall -Wextra -fexcess-precision=standard -Wcast-align -Wcast-qual -Wimplicit-fallthrough -Wmissing-declarations -Wmissing-prototypes -Wno-missing-field-initializers -Wno-uninitialized -Wpointer-arith -Wreturn-type -Wstrict-prototypes -Wundef -Wvla -O2 -pthread gpsd-3.25.1~dev/libgps/shared_json.c
gcc -o gpsd-3.25.1~dev/libgps/timespec_str.o -c -pthread -Wall -Wextra -fexcess-precision=standard -Wcast-align -Wcast-qual -Wimplicit-fallthrough -Wmissing-declarations -Wmissing-prototypes -Wno-missing-field-initializers -Wno-uninitialized -Wpointer-arith -Wreturn-type -Wstrict-prototypes -Wundef -Wvla -O2 -pthread gpsd-3.25.1~dev/libgps/timespec_str.c
g++ -o gpsd-3.25.1~dev/libgps/libgpsmm.o -c -O2 -pthread gpsd-3.25.1~dev/libgps/libgpsmm.cpp
ar rc gpsd-3.25.1~dev/libgps_static.a gpsd-3.25.1~dev/libgps/ais_json.o gpsd-3.25.1~dev/libgps/bits.o gpsd-3.25.1~dev/libgps/gpsdclient.o gpsd-3.25.1~dev/libgps/gps_maskdump.o gpsd-3.25.1~dev/libgps/gpsutils.o gpsd-3.25.1~dev/libgps/hex.o gpsd-3.25.1~dev/libgps/json.o gpsd-3.25.1~dev/libgps/libgps_core.o gpsd-3.25.1~dev/libgps/libgps_dbus.o gpsd-3.25.1~dev/libgps/libgps_json.o gpsd-3.25.1~dev/libgps/libgps_shm.o gpsd-3.25.1~dev/libgps/libgps_sock.o gpsd-3.25.1~dev/libgps/netlib.o gpsd-3.25.1~dev/libgps/ntpshmread.o gpsd-3.25.1~dev/libgps/os_compat.o gpsd-3.25.1~dev/libgps/rtcm2_json.o gpsd-3.25.1~dev/libgps/rtcm3_json.o gpsd-3.25.1~dev/libgps/shared_json.o gpsd-3.25.1~dev/libgps/timespec_str.o gpsd-3.25.1~dev/libgps/libgpsmm.o
ranlib gpsd-3.25.1~dev/libgps_static.a
gcc -o gpsd-3.25.1~dev/clients/gps2udp -pthread gpsd-3.25.1~dev/clients/gps2udp.o -Lgpsd-3.25.1~dev gpsd-3.25.1~dev/libgps_static.a -lm -lrt
gcc -o gpsd-3.25.1~dev/gpsctl.o -c -pthread -Wall -Wextra -fexcess-precision=standard -Wcast-align -Wcast-qual -Wimplicit-fallthrough -Wmissing-declarations -Wmissing-prototypes -Wno-missing-field-initializers -Wno-uninitialized -Wpointer-arith -Wreturn-type -Wstrict-prototypes -Wundef -Wvla -O2 -pthread gpsd-3.25.1~dev/gpsctl.c
gcc -o gpsd-3.25.1~dev/gpsd/bsd_base64.o -c -pthread -Wall -Wextra -fexcess-precision=standard -Wcast-align -Wcast-qual -Wimplicit-fallthrough -Wmissing-declarations -Wmissing-prototypes -Wno-missing-field-initializers -Wno-uninitialized -Wpointer-arith -Wreturn-type -Wstrict-prototypes -Wundef -Wvla -O2 -pthread gpsd-3.25.1~dev/gpsd/bsd_base64.c
gcc -o gpsd-3.25.1~dev/gpsd/crc24q.o -c -pthread -Wall -Wextra -fexcess-precision=standard -Wcast-align -Wcast-qual -Wimplicit-fallthrough -Wmissing-declarations -Wmissing-prototypes -Wno-missing-field-initializers -Wno-uninitialized -Wpointer-arith -Wreturn-type -Wstrict-prototypes -Wundef -Wvla -O2 -pthread gpsd-3.25.1~dev/gpsd/crc24q.c
gcc -o gpsd-3.25.1~dev/drivers/driver_ais.o -c -pthread -Wall -Wextra -fexcess-precision=standard -Wcast-align -Wcast-qual -Wimplicit-fallthrough -Wmissing-declarations -Wmissing-prototypes -Wno-missing-field-initializers -Wno-uninitialized -Wpointer-arith -Wreturn-type -Wstrict-prototypes -Wundef -Wvla -O2 -pthread gpsd-3.25.1~dev/drivers/driver_ais.c
gcc -o gpsd-3.25.1~dev/drivers/driver_allystar.o -c -pthread -Wall -Wextra -fexcess-precision=standard -Wcast-align -Wcast-qual -Wimplicit-fallthrough -Wmissing-declarations -Wmissing-prototypes -Wno-missing-field-initializers -Wno-uninitialized -Wpointer-arith -Wreturn-type -Wstrict-prototypes -Wundef -Wvla -O2 -pthread gpsd-3.25.1~dev/drivers/driver_allystar.c
gcc -o gpsd-3.25.1~dev/drivers/driver_casic.o -c -pthread -Wall -Wextra -fexcess-precision=standard -Wcast-align -Wcast-qual -Wimplicit-fallthrough -Wmissing-declarations -Wmissing-prototypes -Wno-missing-field-initializers -Wno-uninitialized -Wpointer-arith -Wreturn-type -Wstrict-prototypes -Wundef -Wvla -O2 -pthread gpsd-3.25.1~dev/drivers/driver_casic.c
gcc -o gpsd-3.25.1~dev/drivers/driver_evermore.o -c -pthread -Wall -Wextra -fexcess-precision=standard -Wcast-align -Wcast-qual -Wimplicit-fallthrough -Wmissing-declarations -Wmissing-prototypes -Wno-missing-field-initializers -Wno-uninitialized -Wpointer-arith -Wreturn-type -Wstrict-prototypes -Wundef -Wvla -O2 -pthread gpsd-3.25.1~dev/drivers/driver_evermore.c
gcc -o gpsd-3.25.1~dev/drivers/driver_garmin.o -c -pthread -Wall -Wextra -fexcess-precision=standard -Wcast-align -Wcast-qual -Wimplicit-fallthrough -Wmissing-declarations -Wmissing-prototypes -Wno-missing-field-initializers -Wno-uninitialized -Wpointer-arith -Wreturn-type -Wstrict-prototypes -Wundef -Wvla -O2 -pthread gpsd-3.25.1~dev/drivers/driver_garmin.c
gcc -o gpsd-3.25.1~dev/drivers/driver_garmin_txt.o -c -pthread -Wall -Wextra -fexcess-precision=standard -Wcast-align -Wcast-qual -Wimplicit-fallthrough -Wmissing-declarations -Wmissing-prototypes -Wno-missing-field-initializers -Wno-uninitialized -Wpointer-arith -Wreturn-type -Wstrict-prototypes -Wundef -Wvla -O2 -pthread gpsd-3.25.1~dev/drivers/driver_garmin_txt.c
gcc -o gpsd-3.25.1~dev/drivers/driver_geostar.o -c -pthread -Wall -Wextra -fexcess-precision=standard -Wcast-align -Wcast-qual -Wimplicit-fallthrough -Wmissing-declarations -Wmissing-prototypes -Wno-missing-field-initializers -Wno-uninitialized -Wpointer-arith -Wreturn-type -Wstrict-prototypes -Wundef -Wvla -O2 -pthread gpsd-3.25.1~dev/drivers/driver_geostar.c
gcc -o gpsd-3.25.1~dev/drivers/driver_greis.o -c -pthread -Wall -Wextra -fexcess-precision=standard -Wcast-align -Wcast-qual -Wimplicit-fallthrough -Wmissing-declarations -Wmissing-prototypes -Wno-missing-field-initializers -Wno-uninitialized -Wpointer-arith -Wreturn-type -Wstrict-prototypes -Wundef -Wvla -O2 -pthread gpsd-3.25.1~dev/drivers/driver_greis.c
gcc -o gpsd-3.25.1~dev/drivers/driver_greis_checksum.o -c -pthread -Wall -Wextra -fexcess-precision=standard -Wcast-align -Wcast-qual -Wimplicit-fallthrough -Wmissing-declarations -Wmissing-prototypes -Wno-missing-field-initializers -Wno-uninitialized -Wpointer-arith -Wreturn-type -Wstrict-prototypes -Wundef -Wvla -O2 -pthread gpsd-3.25.1~dev/drivers/driver_greis_checksum.c
gcc -o gpsd-3.25.1~dev/drivers/driver_italk.o -c -pthread -Wall -Wextra -fexcess-precision=standard -Wcast-align -Wcast-qual -Wimplicit-fallthrough -Wmissing-declarations -Wmissing-prototypes -Wno-missing-field-initializers -Wno-uninitialized -Wpointer-arith -Wreturn-type -Wstrict-prototypes -Wundef -Wvla -O2 -pthread gpsd-3.25.1~dev/drivers/driver_italk.c
gcc -o gpsd-3.25.1~dev/drivers/driver_navcom.o -c -pthread -Wall -Wextra -fexcess-precision=standard -Wcast-align -Wcast-qual -Wimplicit-fallthrough -Wmissing-declarations -Wmissing-prototypes -Wno-missing-field-initializers -Wno-uninitialized -Wpointer-arith -Wreturn-type -Wstrict-prototypes -Wundef -Wvla -O2 -pthread gpsd-3.25.1~dev/drivers/driver_navcom.c
gcc -o gpsd-3.25.1~dev/drivers/driver_nmea0183.o -c -pthread -Wall -Wextra -fexcess-precision=standard -Wcast-align -Wcast-qual -Wimplicit-fallthrough -Wmissing-declarations -Wmissing-prototypes -Wno-missing-field-initializers -Wno-uninitialized -Wpointer-arith -Wreturn-type -Wstrict-prototypes -Wundef -Wvla -O2 -pthread gpsd-3.25.1~dev/drivers/driver_nmea0183.c
gcc -o gpsd-3.25.1~dev/drivers/driver_nmea2000.o -c -pthread -Wall -Wextra -fexcess-precision=standard -Wcast-align -Wcast-qual -Wimplicit-fallthrough -Wmissing-declarations -Wmissing-prototypes -Wno-missing-field-initializers -Wno-uninitialized -Wpointer-arith -Wreturn-type -Wstrict-prototypes -Wundef -Wvla -O2 -pthread gpsd-3.25.1~dev/drivers/driver_nmea2000.c
gcc -o gpsd-3.25.1~dev/drivers/driver_oncore.o -c -pthread -Wall -Wextra -fexcess-precision=standard -Wcast-align -Wcast-qual -Wimplicit-fallthrough -Wmissing-declarations -Wmissing-prototypes -Wno-missing-field-initializers -Wno-uninitialized -Wpointer-arith -Wreturn-type -Wstrict-prototypes -Wundef -Wvla -O2 -pthread gpsd-3.25.1~dev/drivers/driver_oncore.c
gcc -o gpsd-3.25.1~dev/drivers/driver_rtcm2.o -c -pthread -Wall -Wextra -fexcess-precision=standard -Wcast-align -Wcast-qual -Wimplicit-fallthrough -Wmissing-declarations -Wmissing-prototypes -Wno-missing-field-initializers -Wno-uninitialized -Wpointer-arith -Wreturn-type -Wstrict-prototypes -Wundef -Wvla -O2 -pthread gpsd-3.25.1~dev/drivers/driver_rtcm2.c
gcc -o gpsd-3.25.1~dev/drivers/driver_rtcm3.o -c -pthread -Wall -Wextra -fexcess-precision=standard -Wcast-align -Wcast-qual -Wimplicit-fallthrough -Wmissing-declarations -Wmissing-prototypes -Wno-missing-field-initializers -Wno-uninitialized -Wpointer-arith -Wreturn-type -Wstrict-prototypes -Wundef -Wvla -O2 -pthread gpsd-3.25.1~dev/drivers/driver_rtcm3.c
gcc -o gpsd-3.25.1~dev/drivers/drivers.o -c -pthread -Wall -Wextra -fexcess-precision=standard -Wcast-align -Wcast-qual -Wimplicit-fallthrough -Wmissing-declarations -Wmissing-prototypes -Wno-missing-field-initializers -Wno-uninitialized -Wpointer-arith -Wreturn-type -Wstrict-prototypes -Wundef -Wvla -O2 -pthread gpsd-3.25.1~dev/drivers/drivers.c
gcc -o gpsd-3.25.1~dev/drivers/driver_sirf.o -c -pthread -Wall -Wextra -fexcess-precision=standard -Wcast-align -Wcast-qual -Wimplicit-fallthrough -Wmissing-declarations -Wmissing-prototypes -Wno-missing-field-initializers -Wno-uninitialized -Wpointer-arith -Wreturn-type -Wstrict-prototypes -Wundef -Wvla -O2 -pthread gpsd-3.25.1~dev/drivers/driver_sirf.c
gcc -o gpsd-3.25.1~dev/drivers/driver_skytraq.o -c -pthread -Wall -Wextra -fexcess-precision=standard -Wcast-align -Wcast-qual -Wimplicit-fallthrough -Wmissing-declarations -Wmissing-prototypes -Wno-missing-field-initializers -Wno-uninitialized -Wpointer-arith -Wreturn-type -Wstrict-prototypes -Wundef -Wvla -O2 -pthread gpsd-3.25.1~dev/drivers/driver_skytraq.c
gcc -o gpsd-3.25.1~dev/drivers/driver_superstar2.o -c -pthread -Wall -Wextra -fexcess-precision=standard -Wcast-align -Wcast-qual -Wimplicit-fallthrough -Wmissing-declarations -Wmissing-prototypes -Wno-missing-field-initializers -Wno-uninitialized -Wpointer-arith -Wreturn-type -Wstrict-prototypes -Wundef -Wvla -O2 -pthread gpsd-3.25.1~dev/drivers/driver_superstar2.c
gcc -o gpsd-3.25.1~dev/drivers/driver_tsip.o -c -pthread -Wall -Wextra -fexcess-precision=standard -Wcast-align -Wcast-qual -Wimplicit-fallthrough -Wmissing-declarations -Wmissing-prototypes -Wno-missing-field-initializers -Wno-uninitialized -Wpointer-arith -Wreturn-type -Wstrict-prototypes -Wundef -Wvla -O2 -pthread gpsd-3.25.1~dev/drivers/driver_tsip.c
gcc -o gpsd-3.25.1~dev/drivers/driver_ubx.o -c -pthread -Wall -Wextra -fexcess-precision=standard -Wcast-align -Wcast-qual -Wimplicit-fallthrough -Wmissing-declarations -Wmissing-prototypes -Wno-missing-field-initializers -Wno-uninitialized -Wpointer-arith -Wreturn-type -Wstrict-prototypes -Wundef -Wvla -O2 -pthread gpsd-3.25.1~dev/drivers/driver_ubx.c
gcc -o gpsd-3.25.1~dev/drivers/driver_zodiac.o -c -pthread -Wall -Wextra -fexcess-precision=standard -Wcast-align -Wcast-qual -Wimplicit-fallthrough -Wmissing-declarations -Wmissing-prototypes -Wno-missing-field-initializers -Wno-uninitialized -Wpointer-arith -Wreturn-type -Wstrict-prototypes -Wundef -Wvla -O2 -pthread gpsd-3.25.1~dev/drivers/driver_zodiac.c
gcc -o gpsd-3.25.1~dev/gpsd/geoid.o -c -pthread -Wall -Wextra -fexcess-precision=standard -Wcast-align -Wcast-qual -Wimplicit-fallthrough -Wmissing-declarations -Wmissing-prototypes -Wno-missing-field-initializers -Wno-uninitialized -Wpointer-arith -Wreturn-type -Wstrict-prototypes -Wundef -Wvla -O2 -pthread gpsd-3.25.1~dev/gpsd/geoid.c
gcc -o gpsd-3.25.1~dev/gpsd/gpsd_json.o -c -pthread -Wall -Wextra -fexcess-precision=standard -Wcast-align -Wcast-qual -Wimplicit-fallthrough -Wmissing-declarations -Wmissing-prototypes -Wno-missing-field-initializers -Wno-uninitialized -Wpointer-arith -Wreturn-type -Wstrict-prototypes -Wundef -Wvla -O2 -pthread gpsd-3.25.1~dev/gpsd/gpsd_json.c
gcc -o gpsd-3.25.1~dev/gpsd/isgps.o -c -pthread -Wall -Wextra -fexcess-precision=standard -Wcast-align -Wcast-qual -Wimplicit-fallthrough -Wmissing-declarations -Wmissing-prototypes -Wno-missing-field-initializers -Wno-uninitialized -Wpointer-arith -Wreturn-type -Wstrict-prototypes -Wundef -Wvla -O2 -pthread gpsd-3.25.1~dev/gpsd/isgps.c
gcc -o gpsd-3.25.1~dev/gpsd/libgpsd_core.o -c -pthread -Wall -Wextra -fexcess-precision=standard -Wcast-align -Wcast-qual -Wimplicit-fallthrough -Wmissing-declarations -Wmissing-prototypes -Wno-missing-field-initializers -Wno-uninitialized -Wpointer-arith -Wreturn-type -Wstrict-prototypes -Wundef -Wvla -O2 -pthread gpsd-3.25.1~dev/gpsd/libgpsd_core.c
gcc -o gpsd-3.25.1~dev/gpsd/matrix.o -c -pthread -Wall -Wextra -fexcess-precision=standard -Wcast-align -Wcast-qual -Wimplicit-fallthrough -Wmissing-declarations -Wmissing-prototypes -Wno-missing-field-initializers -Wno-uninitialized -Wpointer-arith -Wreturn-type -Wstrict-prototypes -Wundef -Wvla -O2 -pthread gpsd-3.25.1~dev/gpsd/matrix.c
gcc -o gpsd-3.25.1~dev/gpsd/net_dgpsip.o -c -pthread -Wall -Wextra -fexcess-precision=standard -Wcast-align -Wcast-qual -Wimplicit-fallthrough -Wmissing-declarations -Wmissing-prototypes -Wno-missing-field-initializers -Wno-uninitialized -Wpointer-arith -Wreturn-type -Wstrict-prototypes -Wundef -Wvla -O2 -pthread gpsd-3.25.1~dev/gpsd/net_dgpsip.c
gcc -o gpsd-3.25.1~dev/gpsd/net_gnss_dispatch.o -c -pthread -Wall -Wextra -fexcess-precision=standard -Wcast-align -Wcast-qual -Wimplicit-fallthrough -Wmissing-declarations -Wmissing-prototypes -Wno-missing-field-initializers -Wno-uninitialized -Wpointer-arith -Wreturn-type -Wstrict-prototypes -Wundef -Wvla -O2 -pthread gpsd-3.25.1~dev/gpsd/net_gnss_dispatch.c
gcc -o gpsd-3.25.1~dev/gpsd/net_ntrip.o -c -pthread -Wall -Wextra -fexcess-precision=standard -Wcast-align -Wcast-qual -Wimplicit-fallthrough -Wmissing-declarations -Wmissing-prototypes -Wno-missing-field-initializers -Wno-uninitialized -Wpointer-arith -Wreturn-type -Wstrict-prototypes -Wundef -Wvla -O2 -pthread gpsd-3.25.1~dev/gpsd/net_ntrip.c
gcc -o gpsd-3.25.1~dev/gpsd/ntpshmwrite.o -c -pthread -Wall -Wextra -fexcess-precision=standard -Wcast-align -Wcast-qual -Wimplicit-fallthrough -Wmissing-declarations -Wmissing-prototypes -Wno-missing-field-initializers -Wno-uninitialized -Wpointer-arith -Wreturn-type -Wstrict-prototypes -Wundef -Wvla -O2 -pthread gpsd-3.25.1~dev/gpsd/ntpshmwrite.c
gcc -o gpsd-3.25.1~dev/gpsd/packet.o -c -pthread -Wall -Wextra -fexcess-precision=standard -Wcast-align -Wcast-qual -Wimplicit-fallthrough -Wmissing-declarations -Wmissing-prototypes -Wno-missing-field-initializers -Wno-uninitialized -Wpointer-arith -Wreturn-type -Wstrict-prototypes -Wundef -Wvla -O2 -pthread gpsd-3.25.1~dev/gpsd/packet.c
gcc -o gpsd-3.25.1~dev/gpsd/ppsthread.o -c -pthread -Wall -Wextra -fexcess-precision=standard -Wcast-align -Wcast-qual -Wimplicit-fallthrough -Wmissing-declarations -Wmissing-prototypes -Wno-missing-field-initializers -Wno-uninitialized -Wpointer-arith -Wreturn-type -Wstrict-prototypes -Wundef -Wvla -O2 -pthread gpsd-3.25.1~dev/gpsd/ppsthread.c
gcc -o gpsd-3.25.1~dev/gpsd/pseudoais.o -c -pthread -Wall -Wextra -fexcess-precision=standard -Wcast-align -Wcast-qual -Wimplicit-fallthrough -Wmissing-declarations -Wmissing-prototypes -Wno-missing-field-initializers -Wno-uninitialized -Wpointer-arith -Wreturn-type -Wstrict-prototypes -Wundef -Wvla -O2 -pthread gpsd-3.25.1~dev/gpsd/pseudoais.c
gcc -o gpsd-3.25.1~dev/gpsd/pseudonmea.o -c -pthread -Wall -Wextra -fexcess-precision=standard -Wcast-align -Wcast-qual -Wimplicit-fallthrough -Wmissing-declarations -Wmissing-prototypes -Wno-missing-field-initializers -Wno-uninitialized -Wpointer-arith -Wreturn-type -Wstrict-prototypes -Wundef -Wvla -O2 -pthread gpsd-3.25.1~dev/gpsd/pseudonmea.c
gcc -o gpsd-3.25.1~dev/gpsd/serial.o -c -pthread -Wall -Wextra -fexcess-precision=standard -Wcast-align -Wcast-qual -Wimplicit-fallthrough -Wmissing-declarations -Wmissing-prototypes -Wno-missing-field-initializers -Wno-uninitialized -Wpointer-arith -Wreturn-type -Wstrict-prototypes -Wundef -Wvla -O2 -pthread gpsd-3.25.1~dev/gpsd/serial.c
gcc -o gpsd-3.25.1~dev/gpsd/subframe.o -c -pthread -Wall -Wextra -fexcess-precision=standard -Wcast-align -Wcast-qual -Wimplicit-fallthrough -Wmissing-declarations -Wmissing-prototypes -Wno-missing-field-initializers -Wno-uninitialized -Wpointer-arith -Wreturn-type -Wstrict-prototypes -Wundef -Wvla -O2 -pthread gpsd-3.25.1~dev/gpsd/subframe.c
gcc -o gpsd-3.25.1~dev/gpsd/timebase.o -c -pthread -Wall -Wextra -fexcess-precision=standard -Wcast-align -Wcast-qual -Wimplicit-fallthrough -Wmissing-declarations -Wmissing-prototypes -Wno-missing-field-initializers -Wno-uninitialized -Wpointer-arith -Wreturn-type -Wstrict-prototypes -Wundef -Wvla -O2 -pthread gpsd-3.25.1~dev/gpsd/timebase.c
ar rc gpsd-3.25.1~dev/libgpsd.a gpsd-3.25.1~dev/gpsd/bsd_base64.o gpsd-3.25.1~dev/gpsd/crc24q.o gpsd-3.25.1~dev/drivers/driver_ais.o gpsd-3.25.1~dev/drivers/driver_allystar.o gpsd-3.25.1~dev/drivers/driver_casic.o gpsd-3.25.1~dev/drivers/driver_evermore.o gpsd-3.25.1~dev/drivers/driver_garmin.o gpsd-3.25.1~dev/drivers/driver_garmin_txt.o gpsd-3.25.1~dev/drivers/driver_geostar.o gpsd-3.25.1~dev/drivers/driver_greis.o gpsd-3.25.1~dev/drivers/driver_greis_checksum.o gpsd-3.25.1~dev/drivers/driver_italk.o gpsd-3.25.1~dev/drivers/driver_navcom.o gpsd-3.25.1~dev/drivers/driver_nmea0183.o gpsd-3.25.1~dev/drivers/driver_nmea2000.o gpsd-3.25.1~dev/drivers/driver_oncore.o gpsd-3.25.1~dev/drivers/driver_rtcm2.o gpsd-3.25.1~dev/drivers/driver_rtcm3.o gpsd-3.25.1~dev/drivers/drivers.o gpsd-3.25.1~dev/drivers/driver_sirf.o gpsd-3.25.1~dev/drivers/driver_skytraq.o gpsd-3.25.1~dev/drivers/driver_superstar2.o gpsd-3.25.1~dev/drivers/driver_tsip.o gpsd-3.25.1~dev/drivers/driver_ubx.o gpsd-3.25.1~dev/drivers/driver_zodiac.o gpsd-3.25.1~dev/gpsd/geoid.o gpsd-3.25.1~dev/gpsd/gpsd_json.o gpsd-3.25.1~dev/gpsd/isgps.o gpsd-3.25.1~dev/gpsd/libgpsd_core.o gpsd-3.25.1~dev/gpsd/matrix.o gpsd-3.25.1~dev/gpsd/net_dgpsip.o gpsd-3.25.1~dev/gpsd/net_gnss_dispatch.o gpsd-3.25.1~dev/gpsd/net_ntrip.o gpsd-3.25.1~dev/gpsd/ntpshmwrite.o gpsd-3.25.1~dev/gpsd/packet.o gpsd-3.25.1~dev/gpsd/ppsthread.o gpsd-3.25.1~dev/gpsd/pseudoais.o gpsd-3.25.1~dev/gpsd/pseudonmea.o gpsd-3.25.1~dev/gpsd/serial.o gpsd-3.25.1~dev/gpsd/subframe.o gpsd-3.25.1~dev/gpsd/timebase.o
ranlib gpsd-3.25.1~dev/libgpsd.a
gcc -o gpsd-3.25.1~dev/gpsctl -pthread gpsd-3.25.1~dev/gpsctl.o -Lgpsd-3.25.1~dev gpsd-3.25.1~dev/libgpsd.a gpsd-3.25.1~dev/libgps_static.a -lm -lrt
gcc -o gpsd-3.25.1~dev/clients/gpsdecode.o -c -pthread -Wall -Wextra -fexcess-precision=standard -Wcast-align -Wcast-qual -Wimplicit-fallthrough -Wmissing-declarations -Wmissing-prototypes -Wno-missing-field-initializers -Wno-uninitialized -Wpointer-arith -Wreturn-type -Wstrict-prototypes -Wundef -Wvla -O2 -pthread gpsd-3.25.1~dev/clients/gpsdecode.c
gcc -o gpsd-3.25.1~dev/clients/gpsdecode -pthread gpsd-3.25.1~dev/clients/gpsdecode.o -Lgpsd-3.25.1~dev gpsd-3.25.1~dev/libgpsd.a gpsd-3.25.1~dev/libgps_static.a -lm -lrt
gcc -o gpsd-3.25.1~dev/clients/gpspipe.o -c -pthread -Wall -Wextra -fexcess-precision=standard -Wcast-align -Wcast-qual -Wimplicit-fallthrough -Wmissing-declarations -Wmissing-prototypes -Wno-missing-field-initializers -Wno-uninitialized -Wpointer-arith -Wreturn-type -Wstrict-prototypes -Wundef -Wvla -O2 -pthread gpsd-3.25.1~dev/clients/gpspipe.c
gcc -o gpsd-3.25.1~dev/clients/gpspipe -pthread gpsd-3.25.1~dev/clients/gpspipe.o -Lgpsd-3.25.1~dev gpsd-3.25.1~dev/libgps_static.a -lm -lrt
gcc -o gpsd-3.25.1~dev/clients/gpsrinex.o -c -pthread -Wall -Wextra -fexcess-precision=standard -Wcast-align -Wcast-qual -Wimplicit-fallthrough -Wmissing-declarations -Wmissing-prototypes -Wno-missing-field-initializers -Wno-uninitialized -Wpointer-arith -Wreturn-type -Wstrict-prototypes -Wundef -Wvla -O2 -pthread gpsd-3.25.1~dev/clients/gpsrinex.c
gcc -o gpsd-3.25.1~dev/clients/gpsrinex -pthread gpsd-3.25.1~dev/clients/gpsrinex.o -Lgpsd-3.25.1~dev gpsd-3.25.1~dev/libgps_static.a -lm -lrt
gcc -o gpsd-3.25.1~dev/clients/gpssnmp.o -c -pthread -Wall -Wextra -fexcess-precision=standard -Wcast-align -Wcast-qual -Wimplicit-fallthrough -Wmissing-declarations -Wmissing-prototypes -Wno-missing-field-initializers -Wno-uninitialized -Wpointer-arith -Wreturn-type -Wstrict-prototypes -Wundef -Wvla -O2 -pthread gpsd-3.25.1~dev/clients/gpssnmp.c
gcc -o gpsd-3.25.1~dev/clients/gpssnmp -pthread gpsd-3.25.1~dev/clients/gpssnmp.o -Lgpsd-3.25.1~dev gpsd-3.25.1~dev/libgps_static.a -lm -lrt
gcc -o gpsd-3.25.1~dev/clients/gpxlogger.o -c -pthread -Wall -Wextra -fexcess-precision=standard -Wcast-align -Wcast-qual -Wimplicit-fallthrough -Wmissing-declarations -Wmissing-prototypes -Wno-missing-field-initializers -Wno-uninitialized -Wpointer-arith -Wreturn-type -Wstrict-prototypes -Wundef -Wvla -O2 -pthread gpsd-3.25.1~dev/clients/gpxlogger.c
gcc -o gpsd-3.25.1~dev/clients/gpxlogger -pthread gpsd-3.25.1~dev/clients/gpxlogger.o -Lgpsd-3.25.1~dev gpsd-3.25.1~dev/libgps_static.a -lm -lrt
gcc -o gpsd-3.25.1~dev/clients/lcdgps.o -c -pthread -Wall -Wextra -fexcess-precision=standard -Wcast-align -Wcast-qual -Wimplicit-fallthrough -Wmissing-declarations -Wmissing-prototypes -Wno-missing-field-initializers -Wno-uninitialized -Wpointer-arith -Wreturn-type -Wstrict-prototypes -Wundef -Wvla -O2 -pthread gpsd-3.25.1~dev/clients/lcdgps.c
gcc -o gpsd-3.25.1~dev/clients/lcdgps -pthread gpsd-3.25.1~dev/clients/lcdgps.o -Lgpsd-3.25.1~dev gpsd-3.25.1~dev/libgps_static.a -lm -lrt
gcc -o gpsd-3.25.1~dev/clients/ntpshmmon.o -c -pthread -Wall -Wextra -fexcess-precision=standard -Wcast-align -Wcast-qual -Wimplicit-fallthrough -Wmissing-declarations -Wmissing-prototypes -Wno-missing-field-initializers -Wno-uninitialized -Wpointer-arith -Wreturn-type -Wstrict-prototypes -Wundef -Wvla -O2 -pthread gpsd-3.25.1~dev/clients/ntpshmmon.c
gcc -o gpsd-3.25.1~dev/clients/ntpshmmon -pthread gpsd-3.25.1~dev/clients/ntpshmmon.o -Lgpsd-3.25.1~dev gpsd-3.25.1~dev/libgps_static.a -lm -lrt
gcc -o gpsd-3.25.1~dev/clients/ppscheck.o -c -pthread -Wall -Wextra -fexcess-precision=standard -Wcast-align -Wcast-qual -Wimplicit-fallthrough -Wmissing-declarations -Wmissing-prototypes -Wno-missing-field-initializers -Wno-uninitialized -Wpointer-arith -Wreturn-type -Wstrict-prototypes -Wundef -Wvla -O2 -pthread gpsd-3.25.1~dev/clients/ppscheck.c
gcc -o gpsd-3.25.1~dev/clients/ppscheck -pthread gpsd-3.25.1~dev/clients/ppscheck.o -Lgpsd-3.25.1~dev gpsd-3.25.1~dev/libgps_static.a -lm -lrt
gcc -o gpsd-3.25.1~dev/clients/cgps.o -c -pthread -Wall -Wextra -fexcess-precision=standard -Wcast-align -Wcast-qual -Wimplicit-fallthrough -Wmissing-declarations -Wmissing-prototypes -Wno-missing-field-initializers -Wno-uninitialized -Wpointer-arith -Wreturn-type -Wstrict-prototypes -Wundef -Wvla -O2 -pthread -D_DEFAULT_SOURCE -D_XOPEN_SOURCE=600 gpsd-3.25.1~dev/clients/cgps.c
gcc -o gpsd-3.25.1~dev/clients/cgps -pthread gpsd-3.25.1~dev/clients/cgps.o -Lgpsd-3.25.1~dev gpsd-3.25.1~dev/libgps_static.a -lm -lrt -lncurses -ltinfo
gcc -o gpsd-3.25.1~dev/gpsmon/gpsmon.o -c -pthread -Wall -Wextra -fexcess-precision=standard -Wcast-align -Wcast-qual -Wimplicit-fallthrough -Wmissing-declarations -Wmissing-prototypes -Wno-missing-field-initializers -Wno-uninitialized -Wpointer-arith -Wreturn-type -Wstrict-prototypes -Wundef -Wvla -O2 -pthread -D_DEFAULT_SOURCE -D_XOPEN_SOURCE=600 gpsd-3.25.1~dev/gpsmon/gpsmon.c
gcc -o gpsd-3.25.1~dev/gpsmon/monitor_garmin.o -c -pthread -Wall -Wextra -fexcess-precision=standard -Wcast-align -Wcast-qual -Wimplicit-fallthrough -Wmissing-declarations -Wmissing-prototypes -Wno-missing-field-initializers -Wno-uninitialized -Wpointer-arith -Wreturn-type -Wstrict-prototypes -Wundef -Wvla -O2 -pthread -D_DEFAULT_SOURCE -D_XOPEN_SOURCE=600 gpsd-3.25.1~dev/gpsmon/monitor_garmin.c
gcc -o gpsd-3.25.1~dev/gpsmon/monitor_italk.o -c -pthread -Wall -Wextra -fexcess-precision=standard -Wcast-align -Wcast-qual -Wimplicit-fallthrough -Wmissing-declarations -Wmissing-prototypes -Wno-missing-field-initializers -Wno-uninitialized -Wpointer-arith -Wreturn-type -Wstrict-prototypes -Wundef -Wvla -O2 -pthread -D_DEFAULT_SOURCE -D_XOPEN_SOURCE=600 gpsd-3.25.1~dev/gpsmon/monitor_italk.c
gcc -o gpsd-3.25.1~dev/gpsmon/monitor_nmea0183.o -c -pthread -Wall -Wextra -fexcess-precision=standard -Wcast-align -Wcast-qual -Wimplicit-fallthrough -Wmissing-declarations -Wmissing-prototypes -Wno-missing-field-initializers -Wno-uninitialized -Wpointer-arith -Wreturn-type -Wstrict-prototypes -Wundef -Wvla -O2 -pthread -D_DEFAULT_SOURCE -D_XOPEN_SOURCE=600 gpsd-3.25.1~dev/gpsmon/monitor_nmea0183.c
gcc -o gpsd-3.25.1~dev/gpsmon/monitor_oncore.o -c -pthread -Wall -Wextra -fexcess-precision=standard -Wcast-align -Wcast-qual -Wimplicit-fallthrough -Wmissing-declarations -Wmissing-prototypes -Wno-missing-field-initializers -Wno-uninitialized -Wpointer-arith -Wreturn-type -Wstrict-prototypes -Wundef -Wvla -O2 -pthread -D_DEFAULT_SOURCE -D_XOPEN_SOURCE=600 gpsd-3.25.1~dev/gpsmon/monitor_oncore.c
gcc -o gpsd-3.25.1~dev/gpsmon/monitor_sirf.o -c -pthread -Wall -Wextra -fexcess-precision=standard -Wcast-align -Wcast-qual -Wimplicit-fallthrough -Wmissing-declarations -Wmissing-prototypes -Wno-missing-field-initializers -Wno-uninitialized -Wpointer-arith -Wreturn-type -Wstrict-prototypes -Wundef -Wvla -O2 -pthread -D_DEFAULT_SOURCE -D_XOPEN_SOURCE=600 gpsd-3.25.1~dev/gpsmon/monitor_sirf.c
gcc -o gpsd-3.25.1~dev/gpsmon/monitor_superstar2.o -c -pthread -Wall -Wextra -fexcess-precision=standard -Wcast-align -Wcast-qual -Wimplicit-fallthrough -Wmissing-declarations -Wmissing-prototypes -Wno-missing-field-initializers -Wno-uninitialized -Wpointer-arith -Wreturn-type -Wstrict-prototypes -Wundef -Wvla -O2 -pthread -D_DEFAULT_SOURCE -D_XOPEN_SOURCE=600 gpsd-3.25.1~dev/gpsmon/monitor_superstar2.c
gcc -o gpsd-3.25.1~dev/gpsmon/monitor_tnt.o -c -pthread -Wall -Wextra -fexcess-precision=standard -Wcast-align -Wcast-qual -Wimplicit-fallthrough -Wmissing-declarations -Wmissing-prototypes -Wno-missing-field-initializers -Wno-uninitialized -Wpointer-arith -Wreturn-type -Wstrict-prototypes -Wundef -Wvla -O2 -pthread -D_DEFAULT_SOURCE -D_XOPEN_SOURCE=600 gpsd-3.25.1~dev/gpsmon/monitor_tnt.c
gcc -o gpsd-3.25.1~dev/gpsmon/monitor_ubx.o -c -pthread -Wall -Wextra -fexcess-precision=standard -Wcast-align -Wcast-qual -Wimplicit-fallthrough -Wmissing-declarations -Wmissing-prototypes -Wno-missing-field-initializers -Wno-uninitialized -Wpointer-arith -Wreturn-type -Wstrict-prototypes -Wundef -Wvla -O2 -pthread -D_DEFAULT_SOURCE -D_XOPEN_SOURCE=600 gpsd-3.25.1~dev/gpsmon/monitor_ubx.c
gcc -o gpsd-3.25.1~dev/gpsmon/gpsmon -pthread gpsd-3.25.1~dev/gpsmon/gpsmon.o gpsd-3.25.1~dev/gpsmon/monitor_garmin.o gpsd-3.25.1~dev/gpsmon/monitor_italk.o gpsd-3.25.1~dev/gpsmon/monitor_nmea0183.o gpsd-3.25.1~dev/gpsmon/monitor_oncore.o gpsd-3.25.1~dev/gpsmon/monitor_sirf.o gpsd-3.25.1~dev/gpsmon/monitor_superstar2.o gpsd-3.25.1~dev/gpsmon/monitor_tnt.o gpsd-3.25.1~dev/gpsmon/monitor_ubx.o -Lgpsd-3.25.1~dev gpsd-3.25.1~dev/libgpsd.a gpsd-3.25.1~dev/libgps_static.a -lm -lrt -lncurses -ltinfo
gcc -o gpsd-3.25.1~dev/libgps/ais_json.os -c -pthread -Wall -Wextra -fexcess-precision=standard -Wcast-align -Wcast-qual -Wimplicit-fallthrough -Wmissing-declarations -Wmissing-prototypes -Wno-missing-field-initializers -Wno-uninitialized -Wpointer-arith -Wreturn-type -Wstrict-prototypes -Wundef -Wvla -O2 -pthread -fPIC gpsd-3.25.1~dev/libgps/ais_json.c
gcc -o gpsd-3.25.1~dev/libgps/bits.os -c -pthread -Wall -Wextra -fexcess-precision=standard -Wcast-align -Wcast-qual -Wimplicit-fallthrough -Wmissing-declarations -Wmissing-prototypes -Wno-missing-field-initializers -Wno-uninitialized -Wpointer-arith -Wreturn-type -Wstrict-prototypes -Wundef -Wvla -O2 -pthread -fPIC gpsd-3.25.1~dev/libgps/bits.c
gcc -o gpsd-3.25.1~dev/libgps/gpsdclient.os -c -pthread -Wall -Wextra -fexcess-precision=standard -Wcast-align -Wcast-qual -Wimplicit-fallthrough -Wmissing-declarations -Wmissing-prototypes -Wno-missing-field-initializers -Wno-uninitialized -Wpointer-arith -Wreturn-type -Wstrict-prototypes -Wundef -Wvla -O2 -pthread -fPIC gpsd-3.25.1~dev/libgps/gpsdclient.c
gcc -o gpsd-3.25.1~dev/libgps/gps_maskdump.os -c -pthread -Wall -Wextra -fexcess-precision=standard -Wcast-align -Wcast-qual -Wimplicit-fallthrough -Wmissing-declarations -Wmissing-prototypes -Wno-missing-field-initializers -Wno-uninitialized -Wpointer-arith -Wreturn-type -Wstrict-prototypes -Wundef -Wvla -O2 -pthread -fPIC gpsd-3.25.1~dev/libgps/gps_maskdump.c
gcc -o gpsd-3.25.1~dev/libgps/gpsutils.os -c -pthread -Wall -Wextra -fexcess-precision=standard -Wcast-align -Wcast-qual -Wimplicit-fallthrough -Wmissing-declarations -Wmissing-prototypes -Wno-missing-field-initializers -Wno-uninitialized -Wpointer-arith -Wreturn-type -Wstrict-prototypes -Wundef -Wvla -O2 -pthread -fPIC gpsd-3.25.1~dev/libgps/gpsutils.c
gcc -o gpsd-3.25.1~dev/libgps/json.os -c -pthread -Wall -Wextra -fexcess-precision=standard -Wcast-align -Wcast-qual -Wimplicit-fallthrough -Wmissing-declarations -Wmissing-prototypes -Wno-missing-field-initializers -Wno-uninitialized -Wpointer-arith -Wreturn-type -Wstrict-prototypes -Wundef -Wvla -O2 -pthread -fPIC gpsd-3.25.1~dev/libgps/json.c
gcc -o gpsd-3.25.1~dev/libgps/libgps_core.os -c -pthread -Wall -Wextra -fexcess-precision=standard -Wcast-align -Wcast-qual -Wimplicit-fallthrough -Wmissing-declarations -Wmissing-prototypes -Wno-missing-field-initializers -Wno-uninitialized -Wpointer-arith -Wreturn-type -Wstrict-prototypes -Wundef -Wvla -O2 -pthread -fPIC gpsd-3.25.1~dev/libgps/libgps_core.c
gcc -o gpsd-3.25.1~dev/libgps/libgps_dbus.os -c -pthread -Wall -Wextra -fexcess-precision=standard -Wcast-align -Wcast-qual -Wimplicit-fallthrough -Wmissing-declarations -Wmissing-prototypes -Wno-missing-field-initializers -Wno-uninitialized -Wpointer-arith -Wreturn-type -Wstrict-prototypes -Wundef -Wvla -O2 -pthread -fPIC gpsd-3.25.1~dev/libgps/libgps_dbus.c
gcc -o gpsd-3.25.1~dev/libgps/libgps_json.os -c -pthread -Wall -Wextra -fexcess-precision=standard -Wcast-align -Wcast-qual -Wimplicit-fallthrough -Wmissing-declarations -Wmissing-prototypes -Wno-missing-field-initializers -Wno-uninitialized -Wpointer-arith -Wreturn-type -Wstrict-prototypes -Wundef -Wvla -O2 -pthread -fPIC gpsd-3.25.1~dev/libgps/libgps_json.c
gcc -o gpsd-3.25.1~dev/libgps/libgps_shm.os -c -pthread -Wall -Wextra -fexcess-precision=standard -Wcast-align -Wcast-qual -Wimplicit-fallthrough -Wmissing-declarations -Wmissing-prototypes -Wno-missing-field-initializers -Wno-uninitialized -Wpointer-arith -Wreturn-type -Wstrict-prototypes -Wundef -Wvla -O2 -pthread -fPIC gpsd-3.25.1~dev/libgps/libgps_shm.c
gcc -o gpsd-3.25.1~dev/libgps/libgps_sock.os -c -pthread -Wall -Wextra -fexcess-precision=standard -Wcast-align -Wcast-qual -Wimplicit-fallthrough -Wmissing-declarations -Wmissing-prototypes -Wno-missing-field-initializers -Wno-uninitialized -Wpointer-arith -Wreturn-type -Wstrict-prototypes -Wundef -Wvla -O2 -pthread -fPIC gpsd-3.25.1~dev/libgps/libgps_sock.c
gcc -o gpsd-3.25.1~dev/libgps/netlib.os -c -pthread -Wall -Wextra -fexcess-precision=standard -Wcast-align -Wcast-qual -Wimplicit-fallthrough -Wmissing-declarations -Wmissing-prototypes -Wno-missing-field-initializers -Wno-uninitialized -Wpointer-arith -Wreturn-type -Wstrict-prototypes -Wundef -Wvla -O2 -pthread -fPIC gpsd-3.25.1~dev/libgps/netlib.c
gcc -o gpsd-3.25.1~dev/libgps/ntpshmread.os -c -pthread -Wall -Wextra -fexcess-precision=standard -Wcast-align -Wcast-qual -Wimplicit-fallthrough -Wmissing-declarations -Wmissing-prototypes -Wno-missing-field-initializers -Wno-uninitialized -Wpointer-arith -Wreturn-type -Wstrict-prototypes -Wundef -Wvla -O2 -pthread -fPIC gpsd-3.25.1~dev/libgps/ntpshmread.c
gcc -o gpsd-3.25.1~dev/libgps/rtcm2_json.os -c -pthread -Wall -Wextra -fexcess-precision=standard -Wcast-align -Wcast-qual -Wimplicit-fallthrough -Wmissing-declarations -Wmissing-prototypes -Wno-missing-field-initializers -Wno-uninitialized -Wpointer-arith -Wreturn-type -Wstrict-prototypes -Wundef -Wvla -O2 -pthread -fPIC gpsd-3.25.1~dev/libgps/rtcm2_json.c
gcc -o gpsd-3.25.1~dev/libgps/rtcm3_json.os -c -pthread -Wall -Wextra -fexcess-precision=standard -Wcast-align -Wcast-qual -Wimplicit-fallthrough -Wmissing-declarations -Wmissing-prototypes -Wno-missing-field-initializers -Wno-uninitialized -Wpointer-arith -Wreturn-type -Wstrict-prototypes -Wundef -Wvla -O2 -pthread -fPIC gpsd-3.25.1~dev/libgps/rtcm3_json.c
gcc -o gpsd-3.25.1~dev/libgps/shared_json.os -c -pthread -Wall -Wextra -fexcess-precision=standard -Wcast-align -Wcast-qual -Wimplicit-fallthrough -Wmissing-declarations -Wmissing-prototypes -Wno-missing-field-initializers -Wno-uninitialized -Wpointer-arith -Wreturn-type -Wstrict-prototypes -Wundef -Wvla -O2 -pthread -fPIC gpsd-3.25.1~dev/libgps/shared_json.c
gcc -o gpsd-3.25.1~dev/libgps/timespec_str.os -c -pthread -Wall -Wextra -fexcess-precision=standard -Wcast-align -Wcast-qual -Wimplicit-fallthrough -Wmissing-declarations -Wmissing-prototypes -Wno-missing-field-initializers -Wno-uninitialized -Wpointer-arith -Wreturn-type -Wstrict-prototypes -Wundef -Wvla -O2 -pthread -fPIC gpsd-3.25.1~dev/libgps/timespec_str.c
g++ -o gpsd-3.25.1~dev/libgps/libgpsmm.os -c -O2 -pthread -fPIC gpsd-3.25.1~dev/libgps/libgpsmm.cpp
g++ -o gpsd-3.25.1~dev/libgps.so.30.0.0 -pthread -shared -Wl,-soname=libgps.so.30 gpsd-3.25.1~dev/libgps/ais_json.os gpsd-3.25.1~dev/libgps/bits.os gpsd-3.25.1~dev/libgps/gpsdclient.os gpsd-3.25.1~dev/libgps/gps_maskdump.os gpsd-3.25.1~dev/libgps/gpsutils.os gpsd-3.25.1~dev/libgps/hex.os gpsd-3.25.1~dev/libgps/json.os gpsd-3.25.1~dev/libgps/libgps_core.os gpsd-3.25.1~dev/libgps/libgps_dbus.os gpsd-3.25.1~dev/libgps/libgps_json.os gpsd-3.25.1~dev/libgps/libgps_shm.os gpsd-3.25.1~dev/libgps/libgps_sock.os gpsd-3.25.1~dev/libgps/netlib.os gpsd-3.25.1~dev/libgps/ntpshmread.os gpsd-3.25.1~dev/libgps/os_compat.os gpsd-3.25.1~dev/libgps/rtcm2_json.os gpsd-3.25.1~dev/libgps/rtcm3_json.os gpsd-3.25.1~dev/libgps/shared_json.os gpsd-3.25.1~dev/libgps/timespec_str.os gpsd-3.25.1~dev/libgps/libgpsmm.os -Lgpsd-3.25.1~dev -lrt -lm -lrt
Create symlinks for: 'gpsd-3.25.1~dev/libgps.so.30.0.0': 'gpsd-3.25.1~dev/libgps.so.30'->'gpsd-3.25.1~dev/libgps.so.30.0.0', 'gpsd-3.25.1~dev/libgps.so'->'gpsd-3.25.1~dev/libgps.so.30.0.0'
gcc -o gpsd-3.25.1~dev/gpsd/dbusexport.o -c -pthread -Wall -Wextra -fexcess-precision=standard -Wcast-align -Wcast-qual -Wimplicit-fallthrough -Wmissing-declarations -Wmissing-prototypes -Wno-missing-field-initializers -Wno-uninitialized -Wpointer-arith -Wreturn-type -Wstrict-prototypes -Wundef -Wvla -O2 -pthread gpsd-3.25.1~dev/gpsd/dbusexport.c
gcc -o gpsd-3.25.1~dev/gpsd/gpsd.o -c -pthread -Wall -Wextra -fexcess-precision=standard -Wcast-align -Wcast-qual -Wimplicit-fallthrough -Wmissing-declarations -Wmissing-prototypes -Wno-missing-field-initializers -Wno-uninitialized -Wpointer-arith -Wreturn-type -Wstrict-prototypes -Wundef -Wvla -O2 -pthread gpsd-3.25.1~dev/gpsd/gpsd.c
gcc -o gpsd-3.25.1~dev/gpsd/shmexport.o -c -pthread -Wall -Wextra -fexcess-precision=standard -Wcast-align -Wcast-qual -Wimplicit-fallthrough -Wmissing-declarations -Wmissing-prototypes -Wno-missing-field-initializers -Wno-uninitialized -Wpointer-arith -Wreturn-type -Wstrict-prototypes -Wundef -Wvla -O2 -pthread gpsd-3.25.1~dev/gpsd/shmexport.c
gcc -o gpsd-3.25.1~dev/gpsd/timehint.o -c -pthread -Wall -Wextra -fexcess-precision=standard -Wcast-align -Wcast-qual -Wimplicit-fallthrough -Wmissing-declarations -Wmissing-prototypes -Wno-missing-field-initializers -Wno-uninitialized -Wpointer-arith -Wreturn-type -Wstrict-prototypes -Wundef -Wvla -O2 -pthread gpsd-3.25.1~dev/gpsd/timehint.c
gcc -o gpsd-3.25.1~dev/gpsd/sd_socket.o -c -pthread -Wall -Wextra -fexcess-precision=standard -Wcast-align -Wcast-qual -Wimplicit-fallthrough -Wmissing-declarations -Wmissing-prototypes -Wno-missing-field-initializers -Wno-uninitialized -Wpointer-arith -Wreturn-type -Wstrict-prototypes -Wundef -Wvla -O2 -pthread gpsd-3.25.1~dev/gpsd/sd_socket.c
gcc -o gpsd-3.25.1~dev/gpsd/gpsd -pthread gpsd-3.25.1~dev/gpsd/dbusexport.o gpsd-3.25.1~dev/gpsd/gpsd.o gpsd-3.25.1~dev/gpsd/shmexport.o gpsd-3.25.1~dev/gpsd/timehint.o gpsd-3.25.1~dev/gpsd/sd_socket.o -Lgpsd-3.25.1~dev gpsd-3.25.1~dev/libgpsd.a gpsd-3.25.1~dev/libgps_static.a -lm -lrt
gcc -o gpsd-3.25.1~dev/clients/gpsdctl.o -c -pthread -Wall -Wextra -fexcess-precision=standard -Wcast-align -Wcast-qual -Wimplicit-fallthrough -Wmissing-declarations -Wmissing-prototypes -Wno-missing-field-initializers -Wno-uninitialized -Wpointer-arith -Wreturn-type -Wstrict-prototypes -Wundef -Wvla -O2 -pthread gpsd-3.25.1~dev/clients/gpsdctl.c
gcc -o gpsd-3.25.1~dev/clients/gpsdctl -pthread gpsd-3.25.1~dev/clients/gpsdctl.o -Lgpsd-3.25.1~dev gpsd-3.25.1~dev/libgps_static.a -lm -lrt
Creating 'gpsd-3.25.1~dev/www/gpscap.py'
chmod -w gpsd-3.25.1~dev/www/gpscap.py
chmod +x gpsd-3.25.1~dev/www/gpscap.py
Creating 'gpsd-3.25.1~dev/www/hardware-head.html'
chmod -w gpsd-3.25.1~dev/www/hardware-head.html
cd gpsd-3.25.1~dev/www; (cat hardware-head.html && PYTHONIOENCODING=utf-8 /usr/bin/python3 gpscap.py && cat hardware-tail.html) > hardware.html
/usr/bin/asciidoctor -b manpage -v -a gpsdweb=https://gpsd.io/ -a gpsdver=3.25.1~dev -o gpsd-3.25.1~dev/man/cgps.1 gpsd-3.25.1~dev/man/cgps.adoc
/usr/bin/asciidoctor -b html5 -v -a gpsdweb=https://gpsd.io/ -a gpsdver=3.25.1~dev -a docinfo=shared -a docinfodir=../www/ -o gpsd-3.25.1~dev/www/cgps.html gpsd-3.25.1~dev/man/cgps.adoc
/usr/bin/asciidoctor -b manpage -v -a gpsdweb=https://gpsd.io/ -a gpsdver=3.25.1~dev -o gpsd-3.25.1~dev/man/gegps.1 gpsd-3.25.1~dev/man/gegps.adoc
/usr/bin/asciidoctor -b html5 -v -a gpsdweb=https://gpsd.io/ -a gpsdver=3.25.1~dev -a docinfo=shared -a docinfodir=../www/ -o gpsd-3.25.1~dev/www/gegps.html gpsd-3.25.1~dev/man/gegps.adoc
/usr/bin/asciidoctor -b manpage -v -a gpsdweb=https://gpsd.io/ -a gpsdver=3.25.1~dev -o gpsd-3.25.1~dev/man/gps.1 gpsd-3.25.1~dev/man/gps.adoc
/usr/bin/asciidoctor -b html5 -v -a gpsdweb=https://gpsd.io/ -a gpsdver=3.25.1~dev -a docinfo=shared -a docinfodir=../www/ -o gpsd-3.25.1~dev/www/gps.html gpsd-3.25.1~dev/man/gps.adoc
/usr/bin/asciidoctor -b manpage -v -a gpsdweb=https://gpsd.io/ -a gpsdver=3.25.1~dev -o gpsd-3.25.1~dev/man/gps2udp.1 gpsd-3.25.1~dev/man/gps2udp.adoc
/usr/bin/asciidoctor -b html5 -v -a gpsdweb=https://gpsd.io/ -a gpsdver=3.25.1~dev -a docinfo=shared -a docinfodir=../www/ -o gpsd-3.25.1~dev/www/gps2udp.html gpsd-3.25.1~dev/man/gps2udp.adoc
/usr/bin/asciidoctor -b manpage -v -a gpsdweb=https://gpsd.io/ -a gpsdver=3.25.1~dev -o gpsd-3.25.1~dev/man/gpscsv.1 gpsd-3.25.1~dev/man/gpscsv.adoc
/usr/bin/asciidoctor -b html5 -v -a gpsdweb=https://gpsd.io/ -a gpsdver=3.25.1~dev -a docinfo=shared -a docinfodir=../www/ -o gpsd-3.25.1~dev/www/gpscsv.html gpsd-3.25.1~dev/man/gpscsv.adoc
/usr/bin/asciidoctor -b manpage -v -a gpsdweb=https://gpsd.io/ -a gpsdver=3.25.1~dev -o gpsd-3.25.1~dev/man/gpscat.1 gpsd-3.25.1~dev/man/gpscat.adoc
/usr/bin/asciidoctor -b html5 -v -a gpsdweb=https://gpsd.io/ -a gpsdver=3.25.1~dev -a docinfo=shared -a docinfodir=../www/ -o gpsd-3.25.1~dev/www/gpscat.html gpsd-3.25.1~dev/man/gpscat.adoc
/usr/bin/asciidoctor -b manpage -v -a gpsdweb=https://gpsd.io/ -a gpsdver=3.25.1~dev -o gpsd-3.25.1~dev/man/gpsctl.1 gpsd-3.25.1~dev/man/gpsctl.adoc
/usr/bin/asciidoctor -b html5 -v -a gpsdweb=https://gpsd.io/ -a gpsdver=3.25.1~dev -a docinfo=shared -a docinfodir=../www/ -o gpsd-3.25.1~dev/www/gpsctl.html gpsd-3.25.1~dev/man/gpsctl.adoc
/usr/bin/asciidoctor -b manpage -v -a gpsdweb=https://gpsd.io/ -a gpsdver=3.25.1~dev -o gpsd-3.25.1~dev/man/gpsd.8 gpsd-3.25.1~dev/man/gpsd.adoc
/usr/bin/asciidoctor -b html5 -v -a gpsdweb=https://gpsd.io/ -a gpsdver=3.25.1~dev -a docinfo=shared -a docinfodir=../www/ -o gpsd-3.25.1~dev/www/gpsd.html gpsd-3.25.1~dev/man/gpsd.adoc
/usr/bin/asciidoctor -b manpage -v -a gpsdweb=https://gpsd.io/ -a gpsdver=3.25.1~dev -o gpsd-3.25.1~dev/man/gpsdebuginfo.1 gpsd-3.25.1~dev/man/gpsdebuginfo.adoc
/usr/bin/asciidoctor -b html5 -v -a gpsdweb=https://gpsd.io/ -a gpsdver=3.25.1~dev -a docinfo=shared -a docinfodir=../www/ -o gpsd-3.25.1~dev/www/gpsdebuginfo.html gpsd-3.25.1~dev/man/gpsdebuginfo.adoc
/usr/bin/asciidoctor -b manpage -v -a gpsdweb=https://gpsd.io/ -a gpsdver=3.25.1~dev -o gpsd-3.25.1~dev/man/gpsdctl.8 gpsd-3.25.1~dev/man/gpsdctl.adoc
/usr/bin/asciidoctor -b html5 -v -a gpsdweb=https://gpsd.io/ -a gpsdver=3.25.1~dev -a docinfo=shared -a docinfodir=../www/ -o gpsd-3.25.1~dev/www/gpsdctl.html gpsd-3.25.1~dev/man/gpsdctl.adoc
/usr/bin/asciidoctor -b manpage -v -a gpsdweb=https://gpsd.io/ -a gpsdver=3.25.1~dev -o gpsd-3.25.1~dev/man/gpsdecode.1 gpsd-3.25.1~dev/man/gpsdecode.adoc
/usr/bin/asciidoctor -b html5 -v -a gpsdweb=https://gpsd.io/ -a gpsdver=3.25.1~dev -a docinfo=shared -a docinfodir=../www/ -o gpsd-3.25.1~dev/www/gpsdecode.html gpsd-3.25.1~dev/man/gpsdecode.adoc
/usr/bin/asciidoctor -b manpage -v -a gpsdweb=https://gpsd.io/ -a gpsdver=3.25.1~dev -o gpsd-3.25.1~dev/man/gpsd_json.5 gpsd-3.25.1~dev/man/gpsd_json.adoc
/usr/bin/asciidoctor -b html5 -v -a gpsdweb=https://gpsd.io/ -a gpsdver=3.25.1~dev -a docinfo=shared -a docinfodir=../www/ -o gpsd-3.25.1~dev/www/gpsd_json.html gpsd-3.25.1~dev/man/gpsd_json.adoc
/usr/bin/asciidoctor -b manpage -v -a gpsdweb=https://gpsd.io/ -a gpsdver=3.25.1~dev -o gpsd-3.25.1~dev/man/gpsfake.1 gpsd-3.25.1~dev/man/gpsfake.adoc
/usr/bin/asciidoctor -b html5 -v -a gpsdweb=https://gpsd.io/ -a gpsdver=3.25.1~dev -a docinfo=shared -a docinfodir=../www/ -o gpsd-3.25.1~dev/www/gpsfake.html gpsd-3.25.1~dev/man/gpsfake.adoc
/usr/bin/asciidoctor -b manpage -v -a gpsdweb=https://gpsd.io/ -a gpsdver=3.25.1~dev -o gpsd-3.25.1~dev/man/gpsinit.8 gpsd-3.25.1~dev/man/gpsinit.adoc
/usr/bin/asciidoctor -b html5 -v -a gpsdweb=https://gpsd.io/ -a gpsdver=3.25.1~dev -a docinfo=shared -a docinfodir=../www/ -o gpsd-3.25.1~dev/www/gpsinit.html gpsd-3.25.1~dev/man/gpsinit.adoc
/usr/bin/asciidoctor -b manpage -v -a gpsdweb=https://gpsd.io/ -a gpsdver=3.25.1~dev -o gpsd-3.25.1~dev/man/gpsmon.1 gpsd-3.25.1~dev/man/gpsmon.adoc
/usr/bin/asciidoctor -b html5 -v -a gpsdweb=https://gpsd.io/ -a gpsdver=3.25.1~dev -a docinfo=shared -a docinfodir=../www/ -o gpsd-3.25.1~dev/www/gpsmon.html gpsd-3.25.1~dev/man/gpsmon.adoc
/usr/bin/asciidoctor -b manpage -v -a gpsdweb=https://gpsd.io/ -a gpsdver=3.25.1~dev -o gpsd-3.25.1~dev/man/gpspipe.1 gpsd-3.25.1~dev/man/gpspipe.adoc
/usr/bin/asciidoctor -b html5 -v -a gpsdweb=https://gpsd.io/ -a gpsdver=3.25.1~dev -a docinfo=shared -a docinfodir=../www/ -o gpsd-3.25.1~dev/www/gpspipe.html gpsd-3.25.1~dev/man/gpspipe.adoc
/usr/bin/asciidoctor -b manpage -v -a gpsdweb=https://gpsd.io/ -a gpsdver=3.25.1~dev -o gpsd-3.25.1~dev/man/gpsplot.1 gpsd-3.25.1~dev/man/gpsplot.adoc
/usr/bin/asciidoctor -b html5 -v -a gpsdweb=https://gpsd.io/ -a gpsdver=3.25.1~dev -a docinfo=shared -a docinfodir=../www/ -o gpsd-3.25.1~dev/www/gpsplot.html gpsd-3.25.1~dev/man/gpsplot.adoc
/usr/bin/asciidoctor -b manpage -v -a gpsdweb=https://gpsd.io/ -a gpsdver=3.25.1~dev -o gpsd-3.25.1~dev/man/gpsprof.1 gpsd-3.25.1~dev/man/gpsprof.adoc
/usr/bin/asciidoctor -b html5 -v -a gpsdweb=https://gpsd.io/ -a gpsdver=3.25.1~dev -a docinfo=shared -a docinfodir=../www/ -o gpsd-3.25.1~dev/www/gpsprof.html gpsd-3.25.1~dev/man/gpsprof.adoc
/usr/bin/asciidoctor -b manpage -v -a gpsdweb=https://gpsd.io/ -a gpsdver=3.25.1~dev -o gpsd-3.25.1~dev/man/gpsrinex.1 gpsd-3.25.1~dev/man/gpsrinex.adoc
/usr/bin/asciidoctor -b html5 -v -a gpsdweb=https://gpsd.io/ -a gpsdver=3.25.1~dev -a docinfo=shared -a docinfodir=../www/ -o gpsd-3.25.1~dev/www/gpsrinex.html gpsd-3.25.1~dev/man/gpsrinex.adoc
/usr/bin/asciidoctor -b manpage -v -a gpsdweb=https://gpsd.io/ -a gpsdver=3.25.1~dev -o gpsd-3.25.1~dev/man/gpssnmp.1 gpsd-3.25.1~dev/man/gpssnmp.adoc
/usr/bin/asciidoctor -b html5 -v -a gpsdweb=https://gpsd.io/ -a gpsdver=3.25.1~dev -a docinfo=shared -a docinfodir=../www/ -o gpsd-3.25.1~dev/www/gpssnmp.html gpsd-3.25.1~dev/man/gpssnmp.adoc
/usr/bin/asciidoctor -b manpage -v -a gpsdweb=https://gpsd.io/ -a gpsdver=3.25.1~dev -o gpsd-3.25.1~dev/man/gpssubframe.1 gpsd-3.25.1~dev/man/gpssubframe.adoc
/usr/bin/asciidoctor -b html5 -v -a gpsdweb=https://gpsd.io/ -a gpsdver=3.25.1~dev -a docinfo=shared -a docinfodir=../www/ -o gpsd-3.25.1~dev/www/gpssubframe.html gpsd-3.25.1~dev/man/gpssubframe.adoc
/usr/bin/asciidoctor -b manpage -v -a gpsdweb=https://gpsd.io/ -a gpsdver=3.25.1~dev -o gpsd-3.25.1~dev/man/gpxlogger.1 gpsd-3.25.1~dev/man/gpxlogger.adoc
/usr/bin/asciidoctor -b html5 -v -a gpsdweb=https://gpsd.io/ -a gpsdver=3.25.1~dev -a docinfo=shared -a docinfodir=../www/ -o gpsd-3.25.1~dev/www/gpxlogger.html gpsd-3.25.1~dev/man/gpxlogger.adoc
/usr/bin/asciidoctor -b manpage -v -a gpsdweb=https://gpsd.io/ -a gpsdver=3.25.1~dev -o gpsd-3.25.1~dev/man/lcdgps.1 gpsd-3.25.1~dev/man/lcdgps.adoc
/usr/bin/asciidoctor -b html5 -v -a gpsdweb=https://gpsd.io/ -a gpsdver=3.25.1~dev -a docinfo=shared -a docinfodir=../www/ -o gpsd-3.25.1~dev/www/lcdgps.html gpsd-3.25.1~dev/man/lcdgps.adoc
/usr/bin/asciidoctor -b manpage -v -a gpsdweb=https://gpsd.io/ -a gpsdver=3.25.1~dev -o gpsd-3.25.1~dev/man/libgps.3 gpsd-3.25.1~dev/man/libgps.adoc
/usr/bin/asciidoctor -b html5 -v -a gpsdweb=https://gpsd.io/ -a gpsdver=3.25.1~dev -a docinfo=shared -a docinfodir=../www/ -o gpsd-3.25.1~dev/www/libgps.html gpsd-3.25.1~dev/man/libgps.adoc
/usr/bin/asciidoctor -b manpage -v -a gpsdweb=https://gpsd.io/ -a gpsdver=3.25.1~dev -o gpsd-3.25.1~dev/man/libgpsmm.3 gpsd-3.25.1~dev/man/libgpsmm.adoc
/usr/bin/asciidoctor -b html5 -v -a gpsdweb=https://gpsd.io/ -a gpsdver=3.25.1~dev -a docinfo=shared -a docinfodir=../www/ -o gpsd-3.25.1~dev/www/libgpsmm.html gpsd-3.25.1~dev/man/libgpsmm.adoc
/usr/bin/asciidoctor -b manpage -v -a gpsdweb=https://gpsd.io/ -a gpsdver=3.25.1~dev -o gpsd-3.25.1~dev/man/libQgpsmm.3 gpsd-3.25.1~dev/man/libgpsmm.adoc
/usr/bin/asciidoctor -b html5 -v -a gpsdweb=https://gpsd.io/ -a gpsdver=3.25.1~dev -a docinfo=shared -a docinfodir=../www/ -o gpsd-3.25.1~dev/www/libQgpsmm.html gpsd-3.25.1~dev/man/libgpsmm.adoc
/usr/bin/asciidoctor -b manpage -v -a gpsdweb=https://gpsd.io/ -a gpsdver=3.25.1~dev -o gpsd-3.25.1~dev/man/ntpshmmon.1 gpsd-3.25.1~dev/man/ntpshmmon.adoc
/usr/bin/asciidoctor -b html5 -v -a gpsdweb=https://gpsd.io/ -a gpsdver=3.25.1~dev -a docinfo=shared -a docinfodir=../www/ -o gpsd-3.25.1~dev/www/ntpshmmon.html gpsd-3.25.1~dev/man/ntpshmmon.adoc
/usr/bin/asciidoctor -b manpage -v -a gpsdweb=https://gpsd.io/ -a gpsdver=3.25.1~dev -o gpsd-3.25.1~dev/man/ppscheck.8 gpsd-3.25.1~dev/man/ppscheck.adoc
/usr/bin/asciidoctor -b html5 -v -a gpsdweb=https://gpsd.io/ -a gpsdver=3.25.1~dev -a docinfo=shared -a docinfodir=../www/ -o gpsd-3.25.1~dev/www/ppscheck.html gpsd-3.25.1~dev/man/ppscheck.adoc
/usr/bin/asciidoctor -b manpage -v -a gpsdweb=https://gpsd.io/ -a gpsdver=3.25.1~dev -o gpsd-3.25.1~dev/man/ubxtool.1 gpsd-3.25.1~dev/man/ubxtool.adoc
/usr/bin/asciidoctor -b html5 -v -a gpsdweb=https://gpsd.io/ -a gpsdver=3.25.1~dev -a docinfo=shared -a docinfodir=../www/ -o gpsd-3.25.1~dev/www/ubxtool.html gpsd-3.25.1~dev/man/ubxtool.adoc
/usr/bin/asciidoctor -b manpage -v -a gpsdweb=https://gpsd.io/ -a gpsdver=3.25.1~dev -o gpsd-3.25.1~dev/man/xgps.1 gpsd-3.25.1~dev/man/xgps.adoc
/usr/bin/asciidoctor -b html5 -v -a gpsdweb=https://gpsd.io/ -a gpsdver=3.25.1~dev -a docinfo=shared -a docinfodir=../www/ -o gpsd-3.25.1~dev/www/xgps.html gpsd-3.25.1~dev/man/xgps.adoc
/usr/bin/asciidoctor -b manpage -v -a gpsdweb=https://gpsd.io/ -a gpsdver=3.25.1~dev -o gpsd-3.25.1~dev/man/xgpsspeed.1 gpsd-3.25.1~dev/man/xgpsspeed.adoc
/usr/bin/asciidoctor -b html5 -v -a gpsdweb=https://gpsd.io/ -a gpsdver=3.25.1~dev -a docinfo=shared -a docinfodir=../www/ -o gpsd-3.25.1~dev/www/xgpsspeed.html gpsd-3.25.1~dev/man/xgpsspeed.adoc
/usr/bin/asciidoctor -b manpage -v -a gpsdweb=https://gpsd.io/ -a gpsdver=3.25.1~dev -o gpsd-3.25.1~dev/man/zerk.1 gpsd-3.25.1~dev/man/zerk.adoc
/usr/bin/asciidoctor -b html5 -v -a gpsdweb=https://gpsd.io/ -a gpsdver=3.25.1~dev -a docinfo=shared -a docinfodir=../www/ -o gpsd-3.25.1~dev/www/zerk.html gpsd-3.25.1~dev/man/zerk.adoc
/usr/bin/asciidoctor -b html5 -v -a gpsdweb=https://gpsd.io/ -a gpsdver=3.25.1~dev -a docinfo=shared -o gpsd-3.25.1~dev/www/building.html gpsd-3.25.1~dev/build.adoc
/usr/bin/asciidoctor -b html5 -v -a gpsdweb=https://gpsd.io/ -a gpsdver=3.25.1~dev -a docinfo=shared -o gpsd-3.25.1~dev/www/installation.html gpsd-3.25.1~dev/INSTALL.adoc
/usr/bin/asciidoctor -b html5 -v -a gpsdweb=https://gpsd.io/ -a gpsdver=3.25.1~dev -a docinfo=shared -o gpsd-3.25.1~dev/www/README.html gpsd-3.25.1~dev/README.adoc
/usr/bin/asciidoctor -b html5 -v -a gpsdweb=https://gpsd.io/ -a gpsdver=3.25.1~dev -a docinfo=shared -o gpsd-3.25.1~dev/www/SUPPORT.html gpsd-3.25.1~dev/SUPPORT.adoc
/usr/bin/asciidoctor -b html5 -v -a gpsdweb=https://gpsd.io/ -a gpsdver=3.25.1~dev -a docinfo=shared -o gpsd-3.25.1~dev/www/AIVDM.html gpsd-3.25.1~dev/www/AIVDM.adoc
/usr/bin/asciidoctor -b html5 -v -a gpsdweb=https://gpsd.io/ -a gpsdver=3.25.1~dev -a docinfo=shared -o gpsd-3.25.1~dev/www/client-howto.html gpsd-3.25.1~dev/www/client-howto.adoc
/usr/bin/asciidoctor -b html5 -v -a gpsdweb=https://gpsd.io/ -a gpsdver=3.25.1~dev -a docinfo=shared -o gpsd-3.25.1~dev/www/gpsd-numbers-matter.html gpsd-3.25.1~dev/www/gpsd-numbers-matter.adoc
/usr/bin/asciidoctor -b html5 -v -a gpsdweb=https://gpsd.io/ -a gpsdver=3.25.1~dev -a docinfo=shared -o gpsd-3.25.1~dev/www/gpsd-client-example-code.html gpsd-3.25.1~dev/www/gpsd-client-example-code.adoc
/usr/bin/asciidoctor -b html5 -v -a gpsdweb=https://gpsd.io/ -a gpsdver=3.25.1~dev -a docinfo=shared -o gpsd-3.25.1~dev/www/gpsd-time-service-howto.html gpsd-3.25.1~dev/www/gpsd-time-service-howto.adoc
/usr/bin/asciidoctor -b html5 -v -a gpsdweb=https://gpsd.io/ -a gpsdver=3.25.1~dev -a docinfo=shared -o gpsd-3.25.1~dev/www/internals.html gpsd-3.25.1~dev/www/internals.adoc
/usr/bin/asciidoctor -b html5 -v -a gpsdweb=https://gpsd.io/ -a gpsdver=3.25.1~dev -a docinfo=shared -o gpsd-3.25.1~dev/www/NMEA.html gpsd-3.25.1~dev/www/NMEA.adoc
/usr/bin/asciidoctor -b html5 -v -a gpsdweb=https://gpsd.io/ -a gpsdver=3.25.1~dev -a docinfo=shared -o gpsd-3.25.1~dev/www/ppp-howto.html gpsd-3.25.1~dev/www/ppp-howto.adoc
/usr/bin/asciidoctor -b html5 -v -a gpsdweb=https://gpsd.io/ -a gpsdver=3.25.1~dev -a docinfo=shared -o gpsd-3.25.1~dev/www/protocol-evolution.html gpsd-3.25.1~dev/www/protocol-evolution.adoc
/usr/bin/asciidoctor -b html5 -v -a gpsdweb=https://gpsd.io/ -a gpsdver=3.25.1~dev -a docinfo=shared -o gpsd-3.25.1~dev/www/protocol-transition.html gpsd-3.25.1~dev/www/protocol-transition.adoc
/usr/bin/asciidoctor -b html5 -v -a gpsdweb=https://gpsd.io/ -a gpsdver=3.25.1~dev -a docinfo=shared -o gpsd-3.25.1~dev/www/replacing-nmea.html gpsd-3.25.1~dev/www/replacing-nmea.adoc
/usr/bin/asciidoctor -b html5 -v -a gpsdweb=https://gpsd.io/ -a gpsdver=3.25.1~dev -a docinfo=shared -o gpsd-3.25.1~dev/www/time-service-intro.html gpsd-3.25.1~dev/www/time-service-intro.adoc
/usr/bin/asciidoctor -b html5 -v -a gpsdweb=https://gpsd.io/ -a gpsdver=3.25.1~dev -a docinfo=shared -o gpsd-3.25.1~dev/www/ubxtool-examples.html gpsd-3.25.1~dev/www/ubxtool-examples.adoc
/usr/bin/asciidoctor -b html5 -v -a gpsdweb=https://gpsd.io/ -a gpsdver=3.25.1~dev -a docinfo=shared -o gpsd-3.25.1~dev/www/writing-a-driver.html gpsd-3.25.1~dev/www/writing-a-driver.adoc
/usr/bin/asciidoctor -b html5 -v -a gpsdweb=https://gpsd.io/ -a gpsdver=3.25.1~dev -a docinfo=shared -o gpsd-3.25.1~dev/www/performance/performance.html gpsd-3.25.1~dev/www/performance/performance.adoc
Creating 'gpsd-3.25.1~dev/www/faq.html'
chmod -w gpsd-3.25.1~dev/www/faq.html
Creating 'gpsd-3.25.1~dev/www/gps_report.cgi'
chmod -w gpsd-3.25.1~dev/www/gps_report.cgi
Creating 'gpsd-3.25.1~dev/www/hacking.html'
chmod -w gpsd-3.25.1~dev/www/hacking.html
Creating 'gpsd-3.25.1~dev/www/index.html'
chmod -w gpsd-3.25.1~dev/www/index.html
Creating 'gpsd-3.25.1~dev/www/troubleshooting.html'
chmod -w gpsd-3.25.1~dev/www/troubleshooting.html
cp gpsd-3.25.1~dev/NEWS gpsd-3.25.1~dev/www/NEWS
cp gpsd-3.25.1~dev/TODO gpsd-3.25.1~dev/www/TODO
cp gpsd-3.25.1~dev/clients/gpsdebuginfo gpsd-3.25.1~dev/www/gpsdebuginfo
Creating 'gpsd-3.25.1~dev/gps-3.25.1~dev.egg-info'
scons: done building targets.
WARNING: xgps and xgpsspeed are missing runtime dependencies
Ensure your PYTHONPATH includes /usr/local/lib/python3.9/site-packages/
